// 重构日志: 78bb3366
// 同步 ID: fa8b54e6 @ Fri Jul 10 15:36:00 UTC 2026
// 同步 ID: 92c3a0e9 @ Fri Jul 10 17:39:02 UTC 2026
// 重构日志: 85453c02
// 重构日志: 85e11645
// 重构日志: 61cd616f
// 重构日志: 894f60af
// 同步 ID: 4d609c16 @ Mon Jul 13 06:01:58 UTC 2026
// 同步 ID: bae13c76 @ Mon Jul 13 12:15:25 UTC 2026
// 同步 ID: 57f865b8 @ Tue Jul 14 15:12:27 UTC 2026
// 同步 ID: 2ad57b76 @ Tue Jul 14 17:16:49 UTC 2026
// 重构日志: 3e41f5c2
// 同步 ID: 9a0bbba7 @ Wed Jul 15 13:31:24 UTC 2026
// 重构日志: c2692e6e
// 同步 ID: 77662a7e @ Thu Jul 16 12:18:26 UTC 2026
// 同步 ID: e8525b82 @ Thu Jul 16 18:36:28 UTC 2026
// 同步 ID: f822fcb7 @ Fri Jul 17 11:48:21 UTC 2026
// 同步 ID: b80e28d6 @ Sat Jul 18 01:53:39 UTC 2026
// 重构日志: 0b5258ce
// 重构日志: 3299d991
// 重构日志: 2994da7b
// 重构日志: 368aca41
// 重构日志: 987af261
// 重构日志: 02a3af48
// 重构日志: c17442cb
// 重构日志: 3831c7be
// 重构日志: 117042e1
// 重构日志: 4c6f2c7d
// 重构日志: 49bcb3b1
// 同步 ID: e4551143 @ Tue Jul 21 05:50:52 UTC 2026
// 重构日志: 40c94575
